#-----------------------------------------------------------
# Vivado v2020.2 (64-bit)
# SW Build 3064766 on Wed Nov 18 09:12:45 MST 2020
# IP Build 3064653 on Wed Nov 18 14:17:31 MST 2020
# Start of session at: Sat Dec  2 18:15:16 2023
# Process ID: 22336
# Current directory: C:/Users/Emily Shao/Desktop/pacman-fpga/Trial-Vivado-Emily
# Command line: vivado.exe -gui_launcher_event rodinguilauncherevent28640 C:\Users\Emily Shao\Desktop\pacman-fpga\Trial-Vivado-Emily\pacman-project.xpr
# Log file: C:/Users/Emily Shao/Desktop/pacman-fpga/Trial-Vivado-Emily/vivado.log
# Journal file: C:/Users/Emily Shao/Desktop/pacman-fpga/Trial-Vivado-Emily\vivado.jou
#-----------------------------------------------------------
start_gui
open_project {C:/Users/Emily Shao/Desktop/pacman-fpga/Trial-Vivado-Emily/pacman-project.xpr}
WARNING: [filemgmt 56-3] Default IP Output Path : Could not find the directory 'C:/Users/Emily Shao/Desktop/pacman-fpga/Trial-Vivado-Emily/pacman-project.gen/sources_1'.
Scanning sources...
Finished scanning sources
INFO: [IP_Flow 19-234] Refreshing IP repositories
INFO: [IP_Flow 19-1704] No user IP repositories specified
INFO: [IP_Flow 19-2313] Loaded Vivado IP repository 'C:/Xilinx/Vivado/2020.2/data/ip'.
import_files -norecurse {{C:/Users/Emily Shao/Desktop/pacman-fpga/processor/ROM.v}}
exit
INFO: [Common 17-206] Exiting Vivado at Sat Dec  2 23:09:57 2023...
