
*** Running vivado
    with args -log VGAController.vds -m64 -product Vivado -mode batch -messageDb vivado.pb -notrace -source VGAController.tcl



****** Vivado v2020.2 (64-bit)
  **** SW Build 3064766 on Wed Nov 18 09:12:45 MST 2020
  **** IP Build 3064653 on Wed Nov 18 14:17:31 MST 2020
    ** Copyright 1986-2020 Xilinx, Inc. All Rights Reserved.

source VGAController.tcl -notrace
Command: synth_design -top VGAController -part xc7a100tcsg324-1
Starting synth_design
Attempting to get a license for feature 'Synthesis' and/or device 'xc7a100t'
INFO: [Common 17-349] Got license for feature 'Synthesis' and/or device 'xc7a100t'
INFO: [Device 21-403] Loading part xc7a100tcsg324-1

*** Running vivado
    with args -log VGAController.vds -m64 -product Vivado -mode batch -messageDb vivado.pb -notrace -source VGAController.tcl



****** Vivado v2020.2 (64-bit)
  **** SW Build 3064766 on Wed Nov 18 09:12:45 MST 2020
  **** IP Build 3064653 on Wed Nov 18 14:17:31 MST 2020
    ** Copyright 1986-2020 Xilinx, Inc. All Rights Reserved.

source VGAController.tcl -notrace
Command: synth_design -top VGAController -part xc7a100tcsg324-1
Starting synth_design
Attempting to get a license for feature 'Synthesis' and/or device 'xc7a100t'
INFO: [Common 17-349] Got license for feature 'Synthesis' and/or device 'xc7a100t'
INFO: [Device 21-403] Loading part xc7a100tcsg324-1
INFO: [Synth 8-7079] Multithreading enabled for synth_design using a maximum of 2 processes.
INFO: [Synth 8-7078] Launching helper process for spawning children vivado processes
INFO: [Synth 8-7075] Helper process launched with PID 18900
---------------------------------------------------------------------------------
Starting RTL Elaboration : Time (s): cpu = 00:00:02 ; elapsed = 00:00:04 . Memory (MB): peak = 1022.520 ; gain = 0.000
---------------------------------------------------------------------------------
INFO: [Synth 8-6157] synthesizing module 'VGAController' [C:/Users/Emily Shao/Desktop/pacman-fpga/Trial-Vivado-Emily/pacman-project.srcs/sources_1/imports/lab6_kit/VGAController.v:2]
	Parameter FILES_PATH bound to: C:/Users/Emily Shao/Desktop/pacman-fpga/Memory/ - type: string 
	Parameter VIDEO_WIDTH bound to: 640 - type: integer 
	Parameter VIDEO_HEIGHT bound to: 480 - type: integer 
	Parameter BITS_PER_COLOR bound to: 12 - type: integer 
	Parameter SCREEN_PIXEL_COUNT bound to: 307200 - type: integer 
	Parameter SCREEN_PIXEL_ADR_WIDTH bound to: 20 - type: integer 
	Parameter SCREEN_COLOR_COUNT bound to: 8 - type: integer 
	Parameter SCREEN_COLOR_ADR_WIDTH bound to: 4 - type: integer 
	Parameter PACMAN_PIXEL_COUNT bound to: 484 - type: integer 
	Parameter PACMAN_PIXEL_ADR_WIDTH bound to: 10 - type: integer 
	Parameter PACMAN_COLOR_COUNT bound to: 2 - type: integer 
	Parameter PACMAN_COLOR_ADR_WIDTH bound to: 1 - type: integer 
INFO: [Synth 8-6157] synthesizing module 'VGATimingGenerator' [C:/Users/Emily Shao/Desktop/pacman-fpga/Trial-Vivado-Emily/pacman-project.srcs/sources_1/imports/lab6_kit/VGATimingGenerator.v:2]
	Parameter HEIGHT bound to: 480 - type: integer 
	Parameter WIDTH bound to: 640 - type: integer 
	Parameter H_FRONT_PORCH bound to: 16 - type: integer 
	Parameter H_SYNC_WIDTH bound to: 96 - type: integer 
	Parameter H_BACK_PORCH bound to: 48 - type: integer 
	Parameter H_SYNC_START bound to: 656 - type: integer 
	Parameter H_SYNC_END bound to: 752 - type: integer 
	Parameter H_LINE bound to: 800 - type: integer 
	Parameter V_FRONT_PORCH bound to: 11 - type: integer 
	Parameter V_SYNC_WIDTH bound to: 2 - type: integer 
	Parameter V_BACK_PORCH bound to: 31 - type: integer 
	Parameter V_SYNC_START bound to: 491 - type: integer 
	Parameter V_SYNC_END bound to: 493 - type: integer 
	Parameter V_LINE bound to: 524 - type: integer 
INFO: [Synth 8-6155] done synthesizing module 'VGATimingGenerator' (1#1) [C:/Users/Emily Shao/Desktop/pacman-fpga/Trial-Vivado-Emily/pacman-project.srcs/sources_1/imports/lab6_kit/VGATimingGenerator.v:2]
INFO: [Synth 8-6157] synthesizing module 'ROM' [C:/Users/Emily Shao/Desktop/pacman-fpga/Trial-Vivado-Emily/pacman-project.srcs/sources_1/imports/lab6_kit/ROM.v:2]
	Parameter DATA_WIDTH bound to: 4 - type: integer 
	Parameter ADDRESS_WIDTH bound to: 20 - type: integer 
	Parameter DEPTH bound to: 307200 - type: integer 
	Parameter MEMFILE bound to: 496'b0100001100111010001011110101010101110011011001010111001001110011001011110100010101101101011010010110110001111001001000000101001101101000011000010110111100101111010001000110010101110011011010110111010001101111011100000010111101110000011000010110001101101101011000010110111000101101011001100111000001100111011000010010111101001101011001010110110101101111011100100111100100101111011011000110010101110110011001010110110000101101011010010110110101100001011001110110010100101110011011010110010101101101 
INFO: [Synth 8-3876] $readmem data file 'C:/Users/Emily Shao/Desktop/pacman-fpga/Memory/level-image.mem' is read successfully [C:/Users/Emily Shao/Desktop/pacman-fpga/Trial-Vivado-Emily/pacman-project.srcs/sources_1/imports/lab6_kit/ROM.v:11]
INFO: [Synth 8-6155] done synthesizing module 'ROM' (2#1) [C:/Users/Emily Shao/Desktop/pacman-fpga/Trial-Vivado-Emily/pacman-project.srcs/sources_1/imports/lab6_kit/ROM.v:2]
INFO: [Synth 8-6157] synthesizing module 'ROM__parameterized0' [C:/Users/Emily Shao/Desktop/pacman-fpga/Trial-Vivado-Emily/pacman-project.srcs/sources_1/imports/lab6_kit/ROM.v:2]
	Parameter DATA_WIDTH bound to: 12 - type: integer 
	Parameter ADDRESS_WIDTH bound to: 4 - type: integer 
	Parameter DEPTH bound to: 8 - type: integer 
	Parameter MEMFILE bound to: 504'b010000110011101000101111010101010111001101100101011100100111001100101111010001010110110101101001011011000111100100100000010100110110100001100001011011110010111101000100011001010111001101101011011101000110111101110000001011110111000001100001011000110110110101100001011011100010110101100110011100000110011101100001001011110100110101100101011011010110111101110010011110010010111101101100011001010111011001100101011011000010110101100011011011110110110001101111011100100111001100101110011011010110010101101101 
ERROR: [Synth 8-273] error in $readmem data: non-binary digit to $readmemb [C:/Users/Emily Shao/Desktop/pacman-fpga/Trial-Vivado-Emily/pacman-project.srcs/sources_1/imports/lab6_kit/ROM.v:11]
INFO: [Synth 8-3876] $readmem data file 'C:/Users/Emily Shao/Desktop/pacman-fpga/Memory/level-colors.mem' is read successfully [C:/Users/Emily Shao/Desktop/pacman-fpga/Trial-Vivado-Emily/pacman-project.srcs/sources_1/imports/lab6_kit/ROM.v:11]
ERROR: [Synth 8-6156] failed synthesizing module 'ROM__parameterized0' [C:/Users/Emily Shao/Desktop/pacman-fpga/Trial-Vivado-Emily/pacman-project.srcs/sources_1/imports/lab6_kit/ROM.v:2]
ERROR: [Synth 8-6156] failed synthesizing module 'VGAController' [C:/Users/Emily Shao/Desktop/pacman-fpga/Trial-Vivado-Emily/pacman-project.srcs/sources_1/imports/lab6_kit/VGAController.v:2]
---------------------------------------------------------------------------------
Finished RTL Elaboration : Time (s): cpu = 00:00:03 ; elapsed = 00:00:09 . Memory (MB): peak = 1106.195 ; gain = 83.676
---------------------------------------------------------------------------------
RTL Elaboration failed
INFO: [Common 17-83] Releasing license: Synthesis
14 Infos, 0 Warnings, 0 Critical Warnings and 4 Errors encountered.
synth_design failed
ERROR: [Common 17-69] Command failed: Synthesis failed - please see the console or run log file for details
INFO: [Common 17-206] Exiting Vivado at Sat Dec  2 23:21:17 2023...
